# JRE version: OpenJDK Runtime Environment (15.0.2+7) (build 15.0.2+7-27)
# Java VM: OpenJDK 64-Bit Server VM (15.0.2+7-27, mixed mode, tiered, compressed oops, g1 gc, windows-amd64)
GC Precious Log:
 CPUs: 4 total, 4 available
 Memory: 8101M
 Large Page Support: Disabled
 NUMA Support: Disabled
 Compressed Oops: Enabled (32-bit)
 Heap Region Size: 1M
 Heap Min Capacity: 8M
 Heap Initial Capacity: 128M
 Heap Max Capacity: 2026M
 Pre-touch: Disabled
 Parallel Workers: 4
 Concurrent Workers: 1
 Concurrent Refinement Workers: 4
 Periodic GC: Disabled
Heap:
 garbage-first heap   total 27648K, used 11562K [0x0000000081600000, 0x0000000100000000)
  region size 1024K, 4 young (4096K), 1 survivors (1024K)
 Metaspace       used 23541K, capacity 23697K, committed 23936K, reserved 1071104K
  class space    used 2303K, capacity 2381K, committed 2432K, reserved 1048576K
GC Heap History (6 events):
Event: 5.084 GC heap before
{Heap before GC invocations=0 (full 0):
 garbage-first heap   total 131072K, used 16384K [0x0000000081600000, 0x0000000100000000)
  region size 1024K, 13 young (13312K), 0 survivors (0K)
 Metaspace       used 18553K, capacity 18792K, committed 18944K, reserved 1067008K
  class space    used 1925K, capacity 1995K, committed 2048K, reserved 1048576K
}
Event: 5.214 GC heap after
{Heap after GC invocations=1 (full 1):
 garbage-first heap   total 34816K, used 7826K [0x0000000081600000, 0x0000000100000000)
  region size 1024K, 0 young (0K), 0 survivors (0K)
 Metaspace       used 18553K, capacity 18792K, committed 18944K, reserved 1067008K
  class space    used 1925K, capacity 1995K, committed 2048K, reserved 1048576K
}
Event: 5.222 GC heap before
{Heap before GC invocations=1 (full 1):
 garbage-first heap   total 34816K, used 7826K [0x0000000081600000, 0x0000000100000000)
  region size 1024K, 0 young (0K), 0 survivors (0K)
 Metaspace       used 18557K, capacity 18792K, committed 18944K, reserved 1067008K
  class space    used 1925K, capacity 1995K, committed 2048K, reserved 1048576K
}
Event: 5.237 GC heap after
{Heap after GC invocations=2 (full 2):
 garbage-first heap   total 27648K, used 7826K [0x0000000081600000, 0x0000000100000000)
  region size 1024K, 0 young (0K), 0 survivors (0K)
 Metaspace       used 18557K, capacity 18792K, committed 18944K, reserved 1067008K
  class space    used 1925K, capacity 1995K, committed 2048K, reserved 1048576K
}
Event: 6.572 GC heap before
{Heap before GC invocations=2 (full 2):
 garbage-first heap   total 27648K, used 14994K [0x0000000081600000, 0x0000000100000000)
  region size 1024K, 8 young (8192K), 0 survivors (0K)
 Metaspace       used 22541K, capacity 22705K, committed 23040K, reserved 1071104K
  class space    used 2220K, capacity 2285K, committed 2304K, reserved 1048576K
}
Event: 6.582 GC heap after
{Heap after GC invocations=3 (full 2):
 garbage-first heap   total 27648K, used 9514K [0x0000000081600000, 0x0000000100000000)
  region size 1024K, 1 young (1024K), 1 survivors (1024K)
 Metaspace       used 22541K, capacity 22705K, committed 23040K, reserved 1071104K
  class space    used 2220K, capacity 2285K, committed 2304K, reserved 1048576K
}

